<?xml version="1.0" encoding="UTF-8"?>
<testsuite name="com.empora.addressvalidation.domain.AddressTest" tests="1" skipped="0" failures="0" errors="0" timestamp="2023-07-09T21:42:04" hostname="Chaitras-MacBook-Pro.local" time="0.0">
  <properties/>
  <testcase name="toString formats the address as expected" classname="com.empora.addressvalidation.domain.AddressTest" time="0.0"/>
  <system-out><![CDATA[]]></system-out>
  <system-err><![CDATA[]]></system-err>
</testsuite>
